This file contains any messages produced by compilers while
running configure, to aid debugging if configure makes a mistake.

It was created by amhello configure 2.0, which was
generated by GNU Autoconf 2.69.  Invocation command line was

  $ ./configure 

## --------- ##
## Platform. ##
## --------- ##

hostname = guitarman-Lenovo-G50-70
uname -m = x86_64
uname -r = 4.8.0-39-generic
uname -s = Linux
uname -v = #42-Ubuntu SMP Mon Feb 20 11:47:27 UTC 2017

/usr/bin/uname -p = unknown
/bin/uname -X     = unknown

/bin/arch              = unknown
/usr/bin/arch -k       = unknown
/usr/convex/getsysinfo = unknown
/usr/bin/hostinfo      = unknown
/bin/machine           = unknown
/usr/bin/oslevel       = unknown
/bin/universe          = unknown

PATH: /home/guitarman/bin
PATH: /home/guitarman/.local/bin
PATH: /usr/local/sbin
PATH: /usr/local/bin
PATH: /usr/sbin
PATH: /usr/bin
PATH: /sbin
PATH: /bin
PATH: /usr/games
PATH: /usr/local/games
PATH: /snap/bin
PATH: /usr/lib/jvm/java-8-oracle/bin
PATH: /usr/lib/jvm/java-8-oracle/db/bin
PATH: /usr/lib/jvm/java-8-oracle/jre/bin


## ----------- ##
## Core tests. ##
## ----------- ##

configure:2175: checking for a BSD-compatible install
configure:2243: result: /usr/bin/install -c
configure:2254: checking whether build environment is sane
configure:2309: result: yes
configure:2460: checking for a thread-safe mkdir -p
configure:2499: result: /bin/mkdir -p
configure:2506: checking for gawk
configure:2536: result: no
configure:2506: checking for mawk
configure:2522: found /usr/bin/mawk
configure:2533: result: mawk
configure:2544: checking whether make sets $(MAKE)
configure:2566: result: yes
configure:2595: checking whether make supports nested variables
configure:2612: result: yes
configure:2750: checking for style of include used by make
configure:2778: result: GNU
configure:2849: checking for gcc
configure:2865: found /usr/bin/gcc
configure:2876: result: gcc
configure:3105: checking for C compiler version
configure:3114: gcc --version >&5
gcc (Ubuntu 6.2.0-5ubuntu12) 6.2.0 20161005
Copyright (C) 2016 Free Software Foundation, Inc.
This is free software; see the source for copying conditions.  There is NO
warranty; not even for MERCHANTABILITY or FITNESS FOR A PARTICULAR PURPOSE.

configure:3125: $? = 0
configure:3114: gcc -v >&5
Using built-in specs.
COLLECT_GCC=gcc
COLLECT_LTO_WRAPPER=/usr/lib/gcc/x86_64-linux-gnu/6/lto-wrapper
Target: x86_64-linux-gnu
Configured with: ../src/configure -v --with-pkgversion='Ubuntu 6.2.0-5ubuntu12' --with-bugurl=file:///usr/share/doc/gcc-6/README.Bugs --enable-languages=c,ada,c++,java,go,d,fortran,objc,obj-c++ --prefix=/usr --program-suffix=-6 --program-prefix=x86_64-linux-gnu- --enable-shared --enable-linker-build-id --libexecdir=/usr/lib --without-included-gettext --enable-threads=posix --libdir=/usr/lib --enable-nls --with-sysroot=/ --enable-clocale=gnu --enable-libstdcxx-debug --enable-libstdcxx-time=yes --with-default-libstdcxx-abi=new --enable-gnu-unique-object --disable-vtable-verify --enable-libmpx --enable-plugin --enable-default-pie --with-system-zlib --disable-browser-plugin --enable-java-awt=gtk --enable-gtk-cairo --with-java-home=/usr/lib/jvm/java-1.5.0-gcj-6-amd64/jre --enable-java-home --with-jvm-root-dir=/usr/lib/jvm/java-1.5.0-gcj-6-amd64 --with-jvm-jar-dir=/usr/lib/jvm-exports/java-1.5.0-gcj-6-amd64 --with-arch-directory=amd64 --with-ecj-jar=/usr/share/java/eclipse-ecj.jar --enable-objc-gc --enable-multiarch --disable-werror --with-arch-32=i686 --with-abi=m64 --with-multilib-list=m32,m64,mx32 --enable-multilib --with-tune=generic --enable-checking=release --build=x86_64-linux-gnu --host=x86_64-linux-gnu --target=x86_64-linux-gnu
Thread model: posix
gcc version 6.2.0 20161005 (Ubuntu 6.2.0-5ubuntu12) 
configure:3125: $? = 0
configure:3114: gcc -V >&5
gcc: error: unrecognized command line option '-V'
gcc: fatal error: no input files
compilation terminated.
configure:3125: $? = 1
configure:3114: gcc -qversion >&5
gcc: error: unrecognized command line option '-qversion'; did you mean '--version'?
gcc: fatal error: no input files
compilation terminated.
configure:3125: $? = 1
configure:3145: checking whether the C compiler works
configure:3167: gcc    conftest.c  >&5
configure:3171: $? = 0
configure:3219: result: yes
configure:3222: checking for C compiler default output file name
configure:3224: result: a.out
configure:3230: checking for suffix of executables
configure:3237: gcc -o conftest    conftest.c  >&5
configure:3241: $? = 0
configure:3263: result: 
configure:3285: checking whether we are cross compiling
configure:3293: gcc -o conftest    conftest.c  >&5
configure:3297: $? = 0
configure:3304: ./conftest
configure:3308: $? = 0
configure:3323: result: no
configure:3328: checking for suffix of object files
configure:3350: gcc -c   conftest.c >&5
configure:3354: $? = 0
configure:3375: result: o
configure:3379: checking whether we are using the GNU C compiler
configure:3398: gcc -c   conftest.c >&5
configure:3398: $? = 0
configure:3407: result: yes
configure:3416: checking whether gcc accepts -g
configure:3436: gcc -c -g  conftest.c >&5
configure:3436: $? = 0
configure:3477: result: yes
configure:3494: checking for gcc option to accept ISO C89
configure:3557: gcc  -c -g -O2  conftest.c >&5
configure:3557: $? = 0
configure:3570: result: none needed
configure:3595: checking whether gcc understands -c and -o together
configure:3617: gcc -c conftest.c -o conftest2.o
configure:3620: $? = 0
configure:3617: gcc -c conftest.c -o conftest2.o
configure:3620: $? = 0
configure:3632: result: yes
configure:3651: checking dependency style of gcc
configure:3762: result: gcc3
configure:3827: checking for ar
configure:3843: found /usr/bin/ar
configure:3854: result: ar
configure:3880: checking the archiver (ar) interface
configure:3896: gcc -c -g -O2  conftest.c >&5
configure:3896: $? = 0
configure:3898: ar cru libconftest.a conftest.o >&5
ar: `u' modifier ignored since `D' is the default (see `U')
configure:3901: $? = 0
configure:3929: result: ar
configure:3951: WARNING: Libtool does not cope well with whitespace in `pwd`
configure:3978: checking build system type
configure:3992: result: x86_64-pc-linux-gnu
configure:4012: checking host system type
configure:4025: result: x86_64-pc-linux-gnu
configure:4066: checking how to print strings
configure:4093: result: printf
configure:4114: checking for a sed that does not truncate output
configure:4178: result: /bin/sed
configure:4196: checking for grep that handles long lines and -e
configure:4254: result: /bin/grep
configure:4259: checking for egrep
configure:4321: result: /bin/grep -E
configure:4326: checking for fgrep
configure:4388: result: /bin/grep -F
configure:4423: checking for ld used by gcc
configure:4490: result: /usr/bin/ld
configure:4497: checking if the linker (/usr/bin/ld) is GNU ld
configure:4512: result: yes
configure:4524: checking for BSD- or MS-compatible name lister (nm)
configure:4578: result: /usr/bin/nm -B
configure:4708: checking the name lister (/usr/bin/nm -B) interface
configure:4715: gcc -c -g -O2  conftest.c >&5
configure:4718: /usr/bin/nm -B "conftest.o"
configure:4721: output
0000000000000000 B some_variable
configure:4728: result: BSD nm
configure:4731: checking whether ln -s works
configure:4735: result: yes
configure:4743: checking the maximum length of command line arguments
configure:4874: result: 1572864
configure:4922: checking how to convert x86_64-pc-linux-gnu file names to x86_64-pc-linux-gnu format
configure:4962: result: func_convert_file_noop
configure:4969: checking how to convert x86_64-pc-linux-gnu file names to toolchain format
configure:4989: result: func_convert_file_noop
configure:4996: checking for /usr/bin/ld option to reload object files
configure:5003: result: -r
configure:5077: checking for objdump
configure:5093: found /usr/bin/objdump
configure:5104: result: objdump
configure:5136: checking how to recognize dependent libraries
configure:5336: result: pass_all
configure:5421: checking for dlltool
configure:5451: result: no
configure:5481: checking how to associate runtime and link libraries
configure:5508: result: printf %s\n
configure:5632: checking for archiver @FILE support
configure:5649: gcc -c -g -O2  conftest.c >&5
configure:5649: $? = 0
configure:5652: ar cru libconftest.a @conftest.lst >&5
ar: `u' modifier ignored since `D' is the default (see `U')
configure:5655: $? = 0
configure:5660: ar cru libconftest.a @conftest.lst >&5
ar: `u' modifier ignored since `D' is the default (see `U')
ar: conftest.o: No such file or directory
configure:5663: $? = 1
configure:5675: result: @
configure:5733: checking for strip
configure:5749: found /usr/bin/strip
configure:5760: result: strip
configure:5832: checking for ranlib
configure:5848: found /usr/bin/ranlib
configure:5859: result: ranlib
configure:5961: checking command to parse /usr/bin/nm -B output from gcc object
configure:6114: gcc -c -g -O2  conftest.c >&5
configure:6117: $? = 0
configure:6121: /usr/bin/nm -B conftest.o \| sed -n -e 's/^.*[ ]\([ABCDGIRSTW][ABCDGIRSTW]*\)[ ][ ]*\([_A-Za-z][_A-Za-z0-9]*\)$/\1 \2 \2/p' | sed '/ __gnu_lto/d' \> conftest.nm
configure:6124: $? = 0
configure:6190: gcc -o conftest -g -O2   conftest.c conftstm.o >&5
configure:6193: $? = 0
configure:6231: result: ok
configure:6278: checking for sysroot
configure:6308: result: no
configure:6315: checking for a working dd
configure:6353: result: /bin/dd
configure:6357: checking how to truncate binary pipes
configure:6372: result: /bin/dd bs=4096 count=1
configure:6508: gcc -c -g -O2  conftest.c >&5
configure:6511: $? = 0
configure:6701: checking for mt
configure:6717: found /bin/mt
configure:6728: result: mt
configure:6751: checking if mt is a manifest tool
configure:6757: mt '-?'
configure:6765: result: no
configure:7442: checking how to run the C preprocessor
configure:7473: gcc -E  conftest.c
configure:7473: $? = 0
configure:7487: gcc -E  conftest.c
conftest.c:11:28: fatal error: ac_nonexistent.h: No such file or directory
 #include <ac_nonexistent.h>
                            ^
compilation terminated.
configure:7487: $? = 1
configure: failed program was:
| /* confdefs.h */
| #define PACKAGE_NAME "amhello"
| #define PACKAGE_TARNAME "amhello"
| #define PACKAGE_VERSION "2.0"
| #define PACKAGE_STRING "amhello 2.0"
| #define PACKAGE_BUGREPORT "bug-report@address"
| #define PACKAGE_URL ""
| #define PACKAGE "amhello"
| #define VERSION "2.0"
| /* end confdefs.h.  */
| #include <ac_nonexistent.h>
configure:7512: result: gcc -E
configure:7532: gcc -E  conftest.c
configure:7532: $? = 0
configure:7546: gcc -E  conftest.c
conftest.c:11:28: fatal error: ac_nonexistent.h: No such file or directory
 #include <ac_nonexistent.h>
                            ^
compilation terminated.
configure:7546: $? = 1
configure: failed program was:
| /* confdefs.h */
| #define PACKAGE_NAME "amhello"
| #define PACKAGE_TARNAME "amhello"
| #define PACKAGE_VERSION "2.0"
| #define PACKAGE_STRING "amhello 2.0"
| #define PACKAGE_BUGREPORT "bug-report@address"
| #define PACKAGE_URL ""
| #define PACKAGE "amhello"
| #define VERSION "2.0"
| /* end confdefs.h.  */
| #include <ac_nonexistent.h>
configure:7575: checking for ANSI C header files
configure:7595: gcc -c -g -O2  conftest.c >&5
configure:7595: $? = 0
configure:7668: gcc -o conftest -g -O2   conftest.c  >&5
configure:7668: $? = 0
configure:7668: ./conftest
configure:7668: $? = 0
configure:7679: result: yes
configure:7692: checking for sys/types.h
configure:7692: gcc -c -g -O2  conftest.c >&5
configure:7692: $? = 0
configure:7692: result: yes
configure:7692: checking for sys/stat.h
configure:7692: gcc -c -g -O2  conftest.c >&5
configure:7692: $? = 0
configure:7692: result: yes
configure:7692: checking for stdlib.h
configure:7692: gcc -c -g -O2  conftest.c >&5
configure:7692: $? = 0
configure:7692: result: yes
configure:7692: checking for string.h
configure:7692: gcc -c -g -O2  conftest.c >&5
configure:7692: $? = 0
configure:7692: result: yes
configure:7692: checking for memory.h
configure:7692: gcc -c -g -O2  conftest.c >&5
configure:7692: $? = 0
configure:7692: result: yes
configure:7692: checking for strings.h
configure:7692: gcc -c -g -O2  conftest.c >&5
configure:7692: $? = 0
configure:7692: result: yes
configure:7692: checking for inttypes.h
configure:7692: gcc -c -g -O2  conftest.c >&5
configure:7692: $? = 0
configure:7692: result: yes
configure:7692: checking for stdint.h
configure:7692: gcc -c -g -O2  conftest.c >&5
configure:7692: $? = 0
configure:7692: result: yes
configure:7692: checking for unistd.h
configure:7692: gcc -c -g -O2  conftest.c >&5
configure:7692: $? = 0
configure:7692: result: yes
configure:7706: checking for dlfcn.h
configure:7706: gcc -c -g -O2  conftest.c >&5
configure:7706: $? = 0
configure:7706: result: yes
configure:7962: checking for objdir
configure:7977: result: .libs
configure:8241: checking if gcc supports -fno-rtti -fno-exceptions
configure:8259: gcc -c -g -O2  -fno-rtti -fno-exceptions conftest.c >&5
cc1: warning: command line option '-fno-rtti' is valid for C++/ObjC++ but not for C
configure:8263: $? = 0
configure:8276: result: no
configure:8634: checking for gcc option to produce PIC
configure:8641: result: -fPIC -DPIC
configure:8649: checking if gcc PIC flag -fPIC -DPIC works
configure:8667: gcc -c -g -O2  -fPIC -DPIC -DPIC conftest.c >&5
configure:8671: $? = 0
configure:8684: result: yes
configure:8713: checking if gcc static flag -static works
configure:8741: result: yes
configure:8756: checking if gcc supports -c -o file.o
configure:8777: gcc -c -g -O2  -o out/conftest2.o conftest.c >&5
configure:8781: $? = 0
configure:8803: result: yes
configure:8811: checking if gcc supports -c -o file.o
configure:8858: result: yes
configure:8891: checking whether the gcc linker (/usr/bin/ld -m elf_x86_64) supports shared libraries
configure:10154: result: yes
configure:10191: checking whether -lc should be explicitly linked in
configure:10199: gcc -c -g -O2  conftest.c >&5
configure:10202: $? = 0
configure:10217: gcc -shared  -fPIC -DPIC conftest.o  -v -Wl,-soname -Wl,conftest -o conftest 2\>\&1 \| /bin/grep  -lc  \>/dev/null 2\>\&1
configure:10220: $? = 0
configure:10234: result: no
configure:10394: checking dynamic linker characteristics
configure:10975: gcc -o conftest -g -O2   -Wl,-rpath -Wl,/foo conftest.c  >&5
configure:10975: $? = 0
configure:11224: result: GNU/Linux ld.so
configure:11346: checking how to hardcode library paths into programs
configure:11371: result: immediate
configure:11919: checking whether stripping libraries is possible
configure:11924: result: yes
configure:11959: checking if libtool supports shared libraries
configure:11961: result: yes
configure:11964: checking whether to build shared libraries
configure:11989: result: yes
configure:11992: checking whether to build static libraries
configure:11996: result: yes
configure:12081: checking for gcc
configure:12108: result: gcc
configure:12337: checking for C compiler version
configure:12346: gcc --version >&5
gcc (Ubuntu 6.2.0-5ubuntu12) 6.2.0 20161005
Copyright (C) 2016 Free Software Foundation, Inc.
This is free software; see the source for copying conditions.  There is NO
warranty; not even for MERCHANTABILITY or FITNESS FOR A PARTICULAR PURPOSE.

configure:12357: $? = 0
configure:12346: gcc -v >&5
Using built-in specs.
COLLECT_GCC=gcc
COLLECT_LTO_WRAPPER=/usr/lib/gcc/x86_64-linux-gnu/6/lto-wrapper
Target: x86_64-linux-gnu
Configured with: ../src/configure -v --with-pkgversion='Ubuntu 6.2.0-5ubuntu12' --with-bugurl=file:///usr/share/doc/gcc-6/README.Bugs --enable-languages=c,ada,c++,java,go,d,fortran,objc,obj-c++ --prefix=/usr --program-suffix=-6 --program-prefix=x86_64-linux-gnu- --enable-shared --enable-linker-build-id --libexecdir=/usr/lib --without-included-gettext --enable-threads=posix --libdir=/usr/lib --enable-nls --with-sysroot=/ --enable-clocale=gnu --enable-libstdcxx-debug --enable-libstdcxx-time=yes --with-default-libstdcxx-abi=new --enable-gnu-unique-object --disable-vtable-verify --enable-libmpx --enable-plugin --enable-default-pie --with-system-zlib --disable-browser-plugin --enable-java-awt=gtk --enable-gtk-cairo --with-java-home=/usr/lib/jvm/java-1.5.0-gcj-6-amd64/jre --enable-java-home --with-jvm-root-dir=/usr/lib/jvm/java-1.5.0-gcj-6-amd64 --with-jvm-jar-dir=/usr/lib/jvm-exports/java-1.5.0-gcj-6-amd64 --with-arch-directory=amd64 --with-ecj-jar=/usr/share/java/eclipse-ecj.jar --enable-objc-gc --enable-multiarch --disable-werror --with-arch-32=i686 --with-abi=m64 --with-multilib-list=m32,m64,mx32 --enable-multilib --with-tune=generic --enable-checking=release --build=x86_64-linux-gnu --host=x86_64-linux-gnu --target=x86_64-linux-gnu
Thread model: posix
gcc version 6.2.0 20161005 (Ubuntu 6.2.0-5ubuntu12) 
configure:12357: $? = 0
configure:12346: gcc -V >&5
gcc: error: unrecognized command line option '-V'
gcc: fatal error: no input files
compilation terminated.
configure:12357: $? = 1
configure:12346: gcc -qversion >&5
gcc: error: unrecognized command line option '-qversion'; did you mean '--version'?
gcc: fatal error: no input files
compilation terminated.
configure:12357: $? = 1
configure:12361: checking whether we are using the GNU C compiler
configure:12389: result: yes
configure:12398: checking whether gcc accepts -g
configure:12459: result: yes
configure:12476: checking for gcc option to accept ISO C89
configure:12552: result: none needed
configure:12577: checking whether gcc understands -c and -o together
configure:12614: result: yes
configure:12633: checking dependency style of gcc
configure:12744: result: gcc3

## ---------------- ##
## Cache variables. ##
## ---------------- ##

ac_cv_build=x86_64-pc-linux-gnu
ac_cv_c_compiler_gnu=yes
ac_cv_env_CC_set=
ac_cv_env_CC_value=
ac_cv_env_CFLAGS_set=
ac_cv_env_CFLAGS_value=
ac_cv_env_CPPFLAGS_set=
ac_cv_env_CPPFLAGS_value=
ac_cv_env_CPP_set=
ac_cv_env_CPP_value=
ac_cv_env_LDFLAGS_set=
ac_cv_env_LDFLAGS_value=
ac_cv_env_LIBS_set=
ac_cv_env_LIBS_value=
ac_cv_env_LT_SYS_LIBRARY_PATH_set=
ac_cv_env_LT_SYS_LIBRARY_PATH_value=
ac_cv_env_build_alias_set=
ac_cv_env_build_alias_value=
ac_cv_env_host_alias_set=
ac_cv_env_host_alias_value=
ac_cv_env_target_alias_set=
ac_cv_env_target_alias_value=
ac_cv_header_dlfcn_h=yes
ac_cv_header_inttypes_h=yes
ac_cv_header_memory_h=yes
ac_cv_header_stdc=yes
ac_cv_header_stdint_h=yes
ac_cv_header_stdlib_h=yes
ac_cv_header_string_h=yes
ac_cv_header_strings_h=yes
ac_cv_header_sys_stat_h=yes
ac_cv_header_sys_types_h=yes
ac_cv_header_unistd_h=yes
ac_cv_host=x86_64-pc-linux-gnu
ac_cv_objext=o
ac_cv_path_EGREP='/bin/grep -E'
ac_cv_path_FGREP='/bin/grep -F'
ac_cv_path_GREP=/bin/grep
ac_cv_path_SED=/bin/sed
ac_cv_path_install='/usr/bin/install -c'
ac_cv_path_lt_DD=/bin/dd
ac_cv_path_mkdir=/bin/mkdir
ac_cv_prog_AWK=mawk
ac_cv_prog_CPP='gcc -E'
ac_cv_prog_ac_ct_AR=ar
ac_cv_prog_ac_ct_CC=gcc
ac_cv_prog_ac_ct_MANIFEST_TOOL=mt
ac_cv_prog_ac_ct_OBJDUMP=objdump
ac_cv_prog_ac_ct_RANLIB=ranlib
ac_cv_prog_ac_ct_STRIP=strip
ac_cv_prog_cc_c89=
ac_cv_prog_cc_g=yes
ac_cv_prog_make_make_set=yes
am_cv_CC_dependencies_compiler_type=gcc3
am_cv_ar_interface=ar
am_cv_make_support_nested_variables=yes
am_cv_prog_cc_c_o=yes
lt_cv_ar_at_file=@
lt_cv_archive_cmds_need_lc=no
lt_cv_deplibs_check_method=pass_all
lt_cv_file_magic_cmd='$MAGIC_CMD'
lt_cv_file_magic_test_file=
lt_cv_ld_reload_flag=-r
lt_cv_nm_interface='BSD nm'
lt_cv_objdir=.libs
lt_cv_path_LD=/usr/bin/ld
lt_cv_path_NM='/usr/bin/nm -B'
lt_cv_path_mainfest_tool=no
lt_cv_prog_compiler_c_o=yes
lt_cv_prog_compiler_pic='-fPIC -DPIC'
lt_cv_prog_compiler_pic_works=yes
lt_cv_prog_compiler_rtti_exceptions=no
lt_cv_prog_compiler_static_works=yes
lt_cv_prog_gnu_ld=yes
lt_cv_sharedlib_from_linklib_cmd='printf %s\n'
lt_cv_shlibpath_overrides_runpath=no
lt_cv_sys_global_symbol_pipe='sed -n -e '\''s/^.*[	 ]\([ABCDGIRSTW][ABCDGIRSTW]*\)[	 ][	 ]*\([_A-Za-z][_A-Za-z0-9]*\)$/\1 \2 \2/p'\'' | sed '\''/ __gnu_lto/d'\'''
lt_cv_sys_global_symbol_to_c_name_address='sed -n -e '\''s/^: \(.*\) .*$/  {"\1", (void *) 0},/p'\'' -e '\''s/^[ABCDGIRSTW][ABCDGIRSTW]* .* \(.*\)$/  {"\1", (void *) \&\1},/p'\'''
lt_cv_sys_global_symbol_to_c_name_address_lib_prefix='sed -n -e '\''s/^: \(.*\) .*$/  {"\1", (void *) 0},/p'\'' -e '\''s/^[ABCDGIRSTW][ABCDGIRSTW]* .* \(lib.*\)$/  {"\1", (void *) \&\1},/p'\'' -e '\''s/^[ABCDGIRSTW][ABCDGIRSTW]* .* \(.*\)$/  {"lib\1", (void *) \&\1},/p'\'''
lt_cv_sys_global_symbol_to_cdecl='sed -n -e '\''s/^T .* \(.*\)$/extern int \1();/p'\'' -e '\''s/^[ABCDGIRSTW][ABCDGIRSTW]* .* \(.*\)$/extern char \1;/p'\'''
lt_cv_sys_global_symbol_to_import=
lt_cv_sys_max_cmd_len=1572864
lt_cv_to_host_file_cmd=func_convert_file_noop
lt_cv_to_tool_file_cmd=func_convert_file_noop
lt_cv_truncate_bin='/bin/dd bs=4096 count=1'

## ----------------- ##
## Output variables. ##
## ----------------- ##

ACLOCAL='${SHELL} "/home/guitarman/Documents/IT Sem VI/FOSS/Autotrial/build-aux/missing" aclocal-1.15'
AMDEPBACKSLASH='\'
AMDEP_FALSE='#'
AMDEP_TRUE=''
AMTAR='$${TAR-tar}'
AM_BACKSLASH='\'
AM_DEFAULT_V='$(AM_DEFAULT_VERBOSITY)'
AM_DEFAULT_VERBOSITY='1'
AM_V='$(V)'
AR='ar'
AUTOCONF='${SHELL} "/home/guitarman/Documents/IT Sem VI/FOSS/Autotrial/build-aux/missing" autoconf'
AUTOHEADER='${SHELL} "/home/guitarman/Documents/IT Sem VI/FOSS/Autotrial/build-aux/missing" autoheader'
AUTOMAKE='${SHELL} "/home/guitarman/Documents/IT Sem VI/FOSS/Autotrial/build-aux/missing" automake-1.15'
AWK='mawk'
CC='gcc'
CCDEPMODE='depmode=gcc3'
CFLAGS='-g -O2'
CPP='gcc -E'
CPPFLAGS=''
CYGPATH_W='echo'
DEFS=''
DEPDIR='.deps'
DLLTOOL='false'
DSYMUTIL=''
DUMPBIN=''
ECHO_C=''
ECHO_N='-n'
ECHO_T=''
EGREP='/bin/grep -E'
EXEEXT=''
FGREP='/bin/grep -F'
GREP='/bin/grep'
INSTALL_DATA='${INSTALL} -m 644'
INSTALL_PROGRAM='${INSTALL}'
INSTALL_SCRIPT='${INSTALL}'
INSTALL_STRIP_PROGRAM='$(install_sh) -c -s'
LD='/usr/bin/ld -m elf_x86_64'
LDFLAGS=''
LIBS=''
LIBTOOL='$(SHELL) $(top_builddir)/libtool'
LIPO=''
LN_S='ln -s'
LT_SYS_LIBRARY_PATH=''
MAKEINFO='${SHELL} "/home/guitarman/Documents/IT Sem VI/FOSS/Autotrial/build-aux/missing" makeinfo'
MANIFEST_TOOL=':'
MKDIR_P='/bin/mkdir -p'
NM='/usr/bin/nm -B'
NMEDIT=''
OBJDUMP='objdump'
OBJEXT='o'
OTOOL64=''
OTOOL=''
PACKAGE='amhello'
PACKAGE_BUGREPORT='bug-report@address'
PACKAGE_NAME='amhello'
PACKAGE_STRING='amhello 2.0'
PACKAGE_TARNAME='amhello'
PACKAGE_URL=''
PACKAGE_VERSION='2.0'
PATH_SEPARATOR=':'
RANLIB='ranlib'
SED='/bin/sed'
SET_MAKE=''
SHELL='/bin/bash'
STRIP='strip'
VERSION='2.0'
ac_ct_AR='ar'
ac_ct_CC='gcc'
ac_ct_DUMPBIN=''
am__fastdepCC_FALSE='#'
am__fastdepCC_TRUE=''
am__include='include'
am__isrc=''
am__leading_dot='.'
am__nodep='_no'
am__quote=''
am__tar='$${TAR-tar} chof - "$$tardir"'
am__untar='$${TAR-tar} xf -'
bindir='${exec_prefix}/bin'
build='x86_64-pc-linux-gnu'
build_alias=''
build_cpu='x86_64'
build_os='linux-gnu'
build_vendor='pc'
datadir='${datarootdir}'
datarootdir='${prefix}/share'
docdir='${datarootdir}/doc/${PACKAGE_TARNAME}'
dvidir='${docdir}'
exec_prefix='NONE'
host='x86_64-pc-linux-gnu'
host_alias=''
host_cpu='x86_64'
host_os='linux-gnu'
host_vendor='pc'
htmldir='${docdir}'
includedir='${prefix}/include'
infodir='${datarootdir}/info'
install_sh='${SHELL} '\''/home/guitarman/Documents/IT Sem VI/FOSS/Autotrial/build-aux/install-sh'\'''
libdir='${exec_prefix}/lib'
libexecdir='${exec_prefix}/libexec'
localedir='${datarootdir}/locale'
localstatedir='${prefix}/var'
mandir='${datarootdir}/man'
mkdir_p='$(MKDIR_P)'
oldincludedir='/usr/include'
pdfdir='${docdir}'
prefix='NONE'
program_transform_name='s,x,x,'
psdir='${docdir}'
runstatedir='${localstatedir}/run'
sbindir='${exec_prefix}/sbin'
sharedstatedir='${prefix}/com'
sysconfdir='${prefix}/etc'
target_alias=''

## ----------- ##
## confdefs.h. ##
## ----------- ##

/* confdefs.h */
#define PACKAGE_NAME "amhello"
#define PACKAGE_TARNAME "amhello"
#define PACKAGE_VERSION "2.0"
#define PACKAGE_STRING "amhello 2.0"
#define PACKAGE_BUGREPORT "bug-report@address"
#define PACKAGE_URL ""
#define PACKAGE "amhello"
#define VERSION "2.0"
#define STDC_HEADERS 1
#define HAVE_SYS_TYPES_H 1
#define HAVE_SYS_STAT_H 1
#define HAVE_STDLIB_H 1
#define HAVE_STRING_H 1
#define HAVE_MEMORY_H 1
#define HAVE_STRINGS_H 1
#define HAVE_INTTYPES_H 1
#define HAVE_STDINT_H 1
#define HAVE_UNISTD_H 1
#define HAVE_DLFCN_H 1
#define LT_OBJDIR ".libs/"

configure: exit 0
